--------------------------------------------------------------------------------
Release 14.3 Trace  (lin64)
Copyright (c) 1995-2012 Xilinx, Inc.  All rights reserved.

/opt/york/cs/net/xilinx-design-suite-14.3-x86_64-1/14.3/ISE_DS/ISE/bin/lin64/unwrapped/trce
-e 3 -xml system.twx system.ncd system.pcf

Design file:              system.ncd
Physical constraint file: system.pcf
Device,package,speed:     xc3s500e,fg320,-4 (PRODUCTION 1.27 2012-10-12)
Report level:             error report

Environment Variable      Effect 
--------------------      ------ 
NONE                      No environment variables were set
--------------------------------------------------------------------------------

INFO:Timing:3412 - To improve timing, see the Timing Closure User Guide (UG612).
INFO:Timing:2752 - To get complete path coverage, use the unconstrained paths 
   option. All paths that are not constrained will be reported in the 
   unconstrained paths section(s) of the report.
INFO:Timing:3339 - The clock-to-out numbers in this timing report are based on 
   a 50 Ohm transmission line loading model.  For the details of this model, 
   and for more information on accounting for different loading conditions, 
   please see the device datasheet.
INFO:Timing:3390 - This architecture does not support a default System Jitter 
   value, please add SYSTEM_JITTER constraint to the UCF to modify the Clock 
   Uncertainty calculation.
INFO:Timing:3389 - This architecture does not support 'Discrete Jitter' and 
   'Phase Error' calculations, these terms will be zero in the Clock 
   Uncertainty calculation.  Please make appropriate modification to 
   SYSTEM_JITTER to account for the unsupported Discrete Jitter and Phase 
   Error.

================================================================================
Timing constraint: NET         
"DDR_SDRAM/DDR_SDRAM/mpmc_core_0/gen_s3_ddr_phy.mpmc_phy_if_0/data_path/
data_read_controller/rst_dqs_div"         MAXDELAY = 2.5 ns;

 1 net analyzed, 0 failing nets detected.
 0 timing errors detected.
 Maximum net delay is   2.090ns.
--------------------------------------------------------------------------------

================================================================================
Timing constraint: NET         
"DDR_SDRAM/DDR_SDRAM/mpmc_core_0/gen_s3_ddr_phy.mpmc_phy_if_0/data_path/
fifo_0_wr_en<0>"         MAXDELAY = 2 ns;

 1 net analyzed, 0 failing nets detected.
 0 timing errors detected.
 Maximum net delay is   1.179ns.
--------------------------------------------------------------------------------

================================================================================
Timing constraint: NET         
"DDR_SDRAM/DDR_SDRAM/mpmc_core_0/gen_s3_ddr_phy.mpmc_phy_if_0/data_path/
fifo_0_wr_en<1>"         MAXDELAY = 2 ns;

 1 net analyzed, 0 failing nets detected.
 0 timing errors detected.
 Maximum net delay is   1.009ns.
--------------------------------------------------------------------------------

================================================================================
Timing constraint: NET         
"DDR_SDRAM/DDR_SDRAM/mpmc_core_0/gen_s3_ddr_phy.mpmc_phy_if_0/data_path/
fifo_1_wr_en<0>"         MAXDELAY = 2 ns;

 1 net analyzed, 0 failing nets detected.
 0 timing errors detected.
 Maximum net delay is   1.373ns.
--------------------------------------------------------------------------------

================================================================================
Timing constraint: NET         
"DDR_SDRAM/DDR_SDRAM/mpmc_core_0/gen_s3_ddr_phy.mpmc_phy_if_0/data_path/
fifo_1_wr_en<1>"         MAXDELAY = 2 ns;

 1 net analyzed, 0 failing nets detected.
 0 timing errors detected.
 Maximum net delay is   1.414ns.
--------------------------------------------------------------------------------

================================================================================
Timing constraint: NET         
"DDR_SDRAM/DDR_SDRAM/mpmc_core_0/gen_s3_ddr_phy.mpmc_phy_if_0/data_path/
data_read/fifo_0_wr_addr_out<0><0>"         MAXDELAY = 2 ns;

 1 net analyzed, 0 failing nets detected.
 0 timing errors detected.
 Maximum net delay is   1.394ns.
--------------------------------------------------------------------------------

================================================================================
Timing constraint: NET         
"DDR_SDRAM/DDR_SDRAM/mpmc_core_0/gen_s3_ddr_phy.mpmc_phy_if_0/data_path/
data_read/fifo_0_wr_addr_out<0><2>"         MAXDELAY = 2 ns;

 1 net analyzed, 0 failing nets detected.
 0 timing errors detected.
 Maximum net delay is   1.608ns.
--------------------------------------------------------------------------------

================================================================================
Timing constraint: NET         
"DDR_SDRAM/DDR_SDRAM/mpmc_core_0/gen_s3_ddr_phy.mpmc_phy_if_0/data_path/
data_read/fifo_0_wr_addr_out<0><3>"         MAXDELAY = 2 ns;

 1 net analyzed, 0 failing nets detected.
 0 timing errors detected.
 Maximum net delay is   1.594ns.
--------------------------------------------------------------------------------

================================================================================
Timing constraint: NET         
"DDR_SDRAM/DDR_SDRAM/mpmc_core_0/gen_s3_ddr_phy.mpmc_phy_if_0/data_path/
data_read/fifo_0_wr_addr_out<0><1>"         MAXDELAY = 2 ns;

 1 net analyzed, 0 failing nets detected.
 0 timing errors detected.
 Maximum net delay is   1.434ns.
--------------------------------------------------------------------------------

================================================================================
Timing constraint: NET         
"DDR_SDRAM/DDR_SDRAM/mpmc_core_0/gen_s3_ddr_phy.mpmc_phy_if_0/data_path/
data_read/fifo_1_wr_addr_out<0><0>"         MAXDELAY = 2 ns;

 1 net analyzed, 0 failing nets detected.
 0 timing errors detected.
 Maximum net delay is   1.799ns.
--------------------------------------------------------------------------------

================================================================================
Timing constraint: NET         
"DDR_SDRAM/DDR_SDRAM/mpmc_core_0/gen_s3_ddr_phy.mpmc_phy_if_0/data_path/
data_read/fifo_1_wr_addr_out<0><2>"         MAXDELAY = 2 ns;

 1 net analyzed, 0 failing nets detected.
 0 timing errors detected.
 Maximum net delay is   1.751ns.
--------------------------------------------------------------------------------

================================================================================
Timing constraint: NET         
"DDR_SDRAM/DDR_SDRAM/mpmc_core_0/gen_s3_ddr_phy.mpmc_phy_if_0/data_path/
data_read/fifo_1_wr_addr_out<0><3>"         MAXDELAY = 2 ns;

 1 net analyzed, 0 failing nets detected.
 0 timing errors detected.
 Maximum net delay is   1.974ns.
--------------------------------------------------------------------------------

================================================================================
Timing constraint: NET         
"DDR_SDRAM/DDR_SDRAM/mpmc_core_0/gen_s3_ddr_phy.mpmc_phy_if_0/data_path/
data_read/fifo_1_wr_addr_out<0><1>"         MAXDELAY = 2 ns;

 1 net analyzed, 0 failing nets detected.
 0 timing errors detected.
 Maximum net delay is   1.944ns.
--------------------------------------------------------------------------------

================================================================================
Timing constraint: NET         
"DDR_SDRAM/DDR_SDRAM/mpmc_core_0/gen_s3_ddr_phy.mpmc_phy_if_0/data_path/
data_read/fifo_0_wr_addr_out<1><0>"         MAXDELAY = 2 ns;

 1 net analyzed, 0 failing nets detected.
 0 timing errors detected.
 Maximum net delay is   1.880ns.
--------------------------------------------------------------------------------

================================================================================
Timing constraint: NET         
"DDR_SDRAM/DDR_SDRAM/mpmc_core_0/gen_s3_ddr_phy.mpmc_phy_if_0/data_path/
data_read/fifo_0_wr_addr_out<1><2>"         MAXDELAY = 2 ns;

 1 net analyzed, 0 failing nets detected.
 0 timing errors detected.
 Maximum net delay is   1.700ns.
--------------------------------------------------------------------------------

================================================================================
Timing constraint: NET         
"DDR_SDRAM/DDR_SDRAM/mpmc_core_0/gen_s3_ddr_phy.mpmc_phy_if_0/data_path/
data_read/fifo_0_wr_addr_out<1><3>"         MAXDELAY = 2 ns;

 1 net analyzed, 0 failing nets detected.
 0 timing errors detected.
 Maximum net delay is   1.608ns.
--------------------------------------------------------------------------------

================================================================================
Timing constraint: NET         
"DDR_SDRAM/DDR_SDRAM/mpmc_core_0/gen_s3_ddr_phy.mpmc_phy_if_0/data_path/
data_read/fifo_0_wr_addr_out<1><1>"         MAXDELAY = 2 ns;

 1 net analyzed, 0 failing nets detected.
 0 timing errors detected.
 Maximum net delay is   1.450ns.
--------------------------------------------------------------------------------

================================================================================
Timing constraint: NET         
"DDR_SDRAM/DDR_SDRAM/mpmc_core_0/gen_s3_ddr_phy.mpmc_phy_if_0/data_path/
data_read/fifo_1_wr_addr_out<1><0>"         MAXDELAY = 2 ns;

 1 net analyzed, 0 failing nets detected.
 0 timing errors detected.
 Maximum net delay is   1.528ns.
--------------------------------------------------------------------------------

================================================================================
Timing constraint: NET         
"DDR_SDRAM/DDR_SDRAM/mpmc_core_0/gen_s3_ddr_phy.mpmc_phy_if_0/data_path/
data_read/fifo_1_wr_addr_out<1><2>"         MAXDELAY = 2 ns;

 1 net analyzed, 0 failing nets detected.
 0 timing errors detected.
 Maximum net delay is   1.407ns.
--------------------------------------------------------------------------------

================================================================================
Timing constraint: NET         
"DDR_SDRAM/DDR_SDRAM/mpmc_core_0/gen_s3_ddr_phy.mpmc_phy_if_0/data_path/
data_read/fifo_1_wr_addr_out<1><3>"         MAXDELAY = 2 ns;

 1 net analyzed, 0 failing nets detected.
 0 timing errors detected.
 Maximum net delay is   1.379ns.
--------------------------------------------------------------------------------

================================================================================
Timing constraint: NET         
"DDR_SDRAM/DDR_SDRAM/mpmc_core_0/gen_s3_ddr_phy.mpmc_phy_if_0/data_path/
data_read/fifo_1_wr_addr_out<1><1>"         MAXDELAY = 2 ns;

 1 net analyzed, 0 failing nets detected.
 0 timing errors detected.
 Maximum net delay is   1.859ns.
--------------------------------------------------------------------------------

================================================================================
Timing constraint: NET 
"DDR_SDRAM/DDR_SDRAM/mpmc_core_0/gen_s3_ddr_phy.mpmc_phy_if_0/dq<8>"         
MAXDELAY = 0.48 ns;

 1 net analyzed, 0 failing nets detected.
 0 timing errors detected.
 Maximum net delay is   0.418ns.
--------------------------------------------------------------------------------

================================================================================
Timing constraint: NET         
"DDR_SDRAM/DDR_SDRAM/mpmc_core_0/gen_s3_ddr_phy.mpmc_phy_if_0/data_path/
dqs_delayed_col1<1>"         MAXDELAY = 1 ns;

 1 net analyzed, 0 failing nets detected.
 0 timing errors detected.
 Maximum net delay is   0.373ns.
--------------------------------------------------------------------------------

================================================================================
Timing constraint: NET         
"DDR_SDRAM/DDR_SDRAM/mpmc_core_0/gen_s3_ddr_phy.mpmc_phy_if_0/data_path/
data_read/fifo_0_data_out<8>"         MAXDELAY = 2 ns;

 1 net analyzed, 0 failing nets detected.
 0 timing errors detected.
 Maximum net delay is   1.089ns.
--------------------------------------------------------------------------------

================================================================================
Timing constraint: NET 
"DDR_SDRAM/DDR_SDRAM/mpmc_core_0/gen_s3_ddr_phy.mpmc_phy_if_0/dq<9>"         
MAXDELAY = 0.48 ns;

 1 net analyzed, 0 failing nets detected.
 0 timing errors detected.
 Maximum net delay is   0.469ns.
--------------------------------------------------------------------------------

================================================================================
Timing constraint: NET         
"DDR_SDRAM/DDR_SDRAM/mpmc_core_0/gen_s3_ddr_phy.mpmc_phy_if_0/data_path/
dqs_delayed_col0<1>"         MAXDELAY = 1 ns;

 1 net analyzed, 0 failing nets detected.
 0 timing errors detected.
 Maximum net delay is   0.373ns.
--------------------------------------------------------------------------------

================================================================================
Timing constraint: NET         
"DDR_SDRAM/DDR_SDRAM/mpmc_core_0/gen_s3_ddr_phy.mpmc_phy_if_0/data_path/
data_read/fifo_0_data_out<9>"         MAXDELAY = 2 ns;

 1 net analyzed, 0 failing nets detected.
 0 timing errors detected.
 Maximum net delay is   1.020ns.
--------------------------------------------------------------------------------

================================================================================
Timing constraint: NET 
"DDR_SDRAM/DDR_SDRAM/mpmc_core_0/gen_s3_ddr_phy.mpmc_phy_if_0/dq<10>"         
MAXDELAY = 0.48 ns;

 1 net analyzed, 0 failing nets detected.
 0 timing errors detected.
 Maximum net delay is   0.418ns.
--------------------------------------------------------------------------------

================================================================================
Timing constraint: NET         
"DDR_SDRAM/DDR_SDRAM/mpmc_core_0/gen_s3_ddr_phy.mpmc_phy_if_0/data_path/
data_read/fifo_0_data_out<10>"         MAXDELAY = 2 ns;

 1 net analyzed, 0 failing nets detected.
 0 timing errors detected.
 Maximum net delay is   1.017ns.
--------------------------------------------------------------------------------

================================================================================
Timing constraint: NET 
"DDR_SDRAM/DDR_SDRAM/mpmc_core_0/gen_s3_ddr_phy.mpmc_phy_if_0/dq<11>"         
MAXDELAY = 0.48 ns;

 1 net analyzed, 0 failing nets detected.
 0 timing errors detected.
 Maximum net delay is   0.469ns.
--------------------------------------------------------------------------------

================================================================================
Timing constraint: NET         
"DDR_SDRAM/DDR_SDRAM/mpmc_core_0/gen_s3_ddr_phy.mpmc_phy_if_0/data_path/
data_read/fifo_0_data_out<11>"         MAXDELAY = 2 ns;

 1 net analyzed, 0 failing nets detected.
 0 timing errors detected.
 Maximum net delay is   1.020ns.
--------------------------------------------------------------------------------

================================================================================
Timing constraint: NET 
"DDR_SDRAM/DDR_SDRAM/mpmc_core_0/gen_s3_ddr_phy.mpmc_phy_if_0/dq<12>"         
MAXDELAY = 0.48 ns;

 1 net analyzed, 0 failing nets detected.
 0 timing errors detected.
 Maximum net delay is   0.418ns.
--------------------------------------------------------------------------------

================================================================================
Timing constraint: NET         
"DDR_SDRAM/DDR_SDRAM/mpmc_core_0/gen_s3_ddr_phy.mpmc_phy_if_0/data_path/
data_read/fifo_0_data_out<12>"         MAXDELAY = 2 ns;

 1 net analyzed, 0 failing nets detected.
 0 timing errors detected.
 Maximum net delay is   0.940ns.
--------------------------------------------------------------------------------

================================================================================
Timing constraint: NET 
"DDR_SDRAM/DDR_SDRAM/mpmc_core_0/gen_s3_ddr_phy.mpmc_phy_if_0/dq<13>"         
MAXDELAY = 0.48 ns;

 1 net analyzed, 0 failing nets detected.
 0 timing errors detected.
 Maximum net delay is   0.469ns.
--------------------------------------------------------------------------------

================================================================================
Timing constraint: NET         
"DDR_SDRAM/DDR_SDRAM/mpmc_core_0/gen_s3_ddr_phy.mpmc_phy_if_0/data_path/
data_read/fifo_0_data_out<13>"         MAXDELAY = 2 ns;

 1 net analyzed, 0 failing nets detected.
 0 timing errors detected.
 Maximum net delay is   0.966ns.
--------------------------------------------------------------------------------

================================================================================
Timing constraint: NET 
"DDR_SDRAM/DDR_SDRAM/mpmc_core_0/gen_s3_ddr_phy.mpmc_phy_if_0/dq<14>"         
MAXDELAY = 0.48 ns;

 1 net analyzed, 0 failing nets detected.
 0 timing errors detected.
 Maximum net delay is   0.418ns.
--------------------------------------------------------------------------------

================================================================================
Timing constraint: NET         
"DDR_SDRAM/DDR_SDRAM/mpmc_core_0/gen_s3_ddr_phy.mpmc_phy_if_0/data_path/
data_read/fifo_0_data_out<14>"         MAXDELAY = 2 ns;

 1 net analyzed, 0 failing nets detected.
 0 timing errors detected.
 Maximum net delay is   0.936ns.
--------------------------------------------------------------------------------

================================================================================
Timing constraint: NET 
"DDR_SDRAM/DDR_SDRAM/mpmc_core_0/gen_s3_ddr_phy.mpmc_phy_if_0/dq<15>"         
MAXDELAY = 0.48 ns;

 1 net analyzed, 0 failing nets detected.
 0 timing errors detected.
 Maximum net delay is   0.469ns.
--------------------------------------------------------------------------------

================================================================================
Timing constraint: NET         
"DDR_SDRAM/DDR_SDRAM/mpmc_core_0/gen_s3_ddr_phy.mpmc_phy_if_0/data_path/
data_read/fifo_0_data_out<15>"         MAXDELAY = 2 ns;

 1 net analyzed, 0 failing nets detected.
 0 timing errors detected.
 Maximum net delay is   1.017ns.
--------------------------------------------------------------------------------

================================================================================
Timing constraint: NET         
"DDR_SDRAM/DDR_SDRAM/mpmc_core_0/gen_s3_ddr_phy.mpmc_phy_if_0/data_path/
data_read/fifo_1_data_out<8>"         MAXDELAY = 2 ns;

 1 net analyzed, 0 failing nets detected.
 0 timing errors detected.
 Maximum net delay is   0.405ns.
--------------------------------------------------------------------------------

================================================================================
Timing constraint: NET         
"DDR_SDRAM/DDR_SDRAM/mpmc_core_0/gen_s3_ddr_phy.mpmc_phy_if_0/data_path/
data_read/fifo_1_data_out<9>"         MAXDELAY = 2 ns;

 1 net analyzed, 0 failing nets detected.
 0 timing errors detected.
 Maximum net delay is   0.721ns.
--------------------------------------------------------------------------------

================================================================================
Timing constraint: NET         
"DDR_SDRAM/DDR_SDRAM/mpmc_core_0/gen_s3_ddr_phy.mpmc_phy_if_0/data_path/
data_read/fifo_1_data_out<10>"         MAXDELAY = 2 ns;

 1 net analyzed, 0 failing nets detected.
 0 timing errors detected.
 Maximum net delay is   0.624ns.
--------------------------------------------------------------------------------

================================================================================
Timing constraint: NET         
"DDR_SDRAM/DDR_SDRAM/mpmc_core_0/gen_s3_ddr_phy.mpmc_phy_if_0/data_path/
data_read/fifo_1_data_out<11>"         MAXDELAY = 2 ns;

 1 net analyzed, 0 failing nets detected.
 0 timing errors detected.
 Maximum net delay is   0.741ns.
--------------------------------------------------------------------------------

================================================================================
Timing constraint: NET         
"DDR_SDRAM/DDR_SDRAM/mpmc_core_0/gen_s3_ddr_phy.mpmc_phy_if_0/data_path/
data_read/fifo_1_data_out<12>"         MAXDELAY = 2 ns;

 1 net analyzed, 0 failing nets detected.
 0 timing errors detected.
 Maximum net delay is   0.625ns.
--------------------------------------------------------------------------------

================================================================================
Timing constraint: NET         
"DDR_SDRAM/DDR_SDRAM/mpmc_core_0/gen_s3_ddr_phy.mpmc_phy_if_0/data_path/
data_read/fifo_1_data_out<13>"         MAXDELAY = 2 ns;

 1 net analyzed, 0 failing nets detected.
 0 timing errors detected.
 Maximum net delay is   1.034ns.
--------------------------------------------------------------------------------

================================================================================
Timing constraint: NET         
"DDR_SDRAM/DDR_SDRAM/mpmc_core_0/gen_s3_ddr_phy.mpmc_phy_if_0/data_path/
data_read/fifo_1_data_out<14>"         MAXDELAY = 2 ns;

 1 net analyzed, 0 failing nets detected.
 0 timing errors detected.
 Maximum net delay is   0.617ns.
--------------------------------------------------------------------------------

================================================================================
Timing constraint: NET         
"DDR_SDRAM/DDR_SDRAM/mpmc_core_0/gen_s3_ddr_phy.mpmc_phy_if_0/data_path/
data_read/fifo_1_data_out<15>"         MAXDELAY = 2 ns;

 1 net analyzed, 0 failing nets detected.
 0 timing errors detected.
 Maximum net delay is   0.750ns.
--------------------------------------------------------------------------------

================================================================================
Timing constraint: NET 
"DDR_SDRAM/DDR_SDRAM/mpmc_core_0/gen_s3_ddr_phy.mpmc_phy_if_0/dq<0>"         
MAXDELAY = 0.48 ns;

 1 net analyzed, 0 failing nets detected.
 0 timing errors detected.
 Maximum net delay is   0.469ns.
--------------------------------------------------------------------------------

================================================================================
Timing constraint: NET         
"DDR_SDRAM/DDR_SDRAM/mpmc_core_0/gen_s3_ddr_phy.mpmc_phy_if_0/data_path/
dqs_delayed_col0<0>"         MAXDELAY = 1 ns;

 1 net analyzed, 0 failing nets detected.
 0 timing errors detected.
 Maximum net delay is   0.371ns.
--------------------------------------------------------------------------------

================================================================================
Timing constraint: NET         
"DDR_SDRAM/DDR_SDRAM/mpmc_core_0/gen_s3_ddr_phy.mpmc_phy_if_0/data_path/
data_read/fifo_0_data_out<0>"         MAXDELAY = 2 ns;

 1 net analyzed, 0 failing nets detected.
 0 timing errors detected.
 Maximum net delay is   0.405ns.
--------------------------------------------------------------------------------

================================================================================
Timing constraint: NET 
"DDR_SDRAM/DDR_SDRAM/mpmc_core_0/gen_s3_ddr_phy.mpmc_phy_if_0/dq<1>"         
MAXDELAY = 0.48 ns;

 1 net analyzed, 0 failing nets detected.
 0 timing errors detected.
 Maximum net delay is   0.418ns.
--------------------------------------------------------------------------------

================================================================================
Timing constraint: NET         
"DDR_SDRAM/DDR_SDRAM/mpmc_core_0/gen_s3_ddr_phy.mpmc_phy_if_0/data_path/
dqs_delayed_col1<0>"         MAXDELAY = 1 ns;

 1 net analyzed, 0 failing nets detected.
 0 timing errors detected.
 Maximum net delay is   0.371ns.
--------------------------------------------------------------------------------

================================================================================
Timing constraint: NET         
"DDR_SDRAM/DDR_SDRAM/mpmc_core_0/gen_s3_ddr_phy.mpmc_phy_if_0/data_path/
data_read/fifo_0_data_out<1>"         MAXDELAY = 2 ns;

 1 net analyzed, 0 failing nets detected.
 0 timing errors detected.
 Maximum net delay is   1.030ns.
--------------------------------------------------------------------------------

================================================================================
Timing constraint: NET 
"DDR_SDRAM/DDR_SDRAM/mpmc_core_0/gen_s3_ddr_phy.mpmc_phy_if_0/dq<2>"         
MAXDELAY = 0.48 ns;

 1 net analyzed, 0 failing nets detected.
 0 timing errors detected.
 Maximum net delay is   0.418ns.
--------------------------------------------------------------------------------

================================================================================
Timing constraint: NET         
"DDR_SDRAM/DDR_SDRAM/mpmc_core_0/gen_s3_ddr_phy.mpmc_phy_if_0/data_path/
data_read/fifo_0_data_out<2>"         MAXDELAY = 2 ns;

 1 net analyzed, 0 failing nets detected.
 0 timing errors detected.
 Maximum net delay is   0.732ns.
--------------------------------------------------------------------------------

================================================================================
Timing constraint: NET 
"DDR_SDRAM/DDR_SDRAM/mpmc_core_0/gen_s3_ddr_phy.mpmc_phy_if_0/dq<3>"         
MAXDELAY = 0.48 ns;

 1 net analyzed, 0 failing nets detected.
 0 timing errors detected.
 Maximum net delay is   0.469ns.
--------------------------------------------------------------------------------

================================================================================
Timing constraint: NET         
"DDR_SDRAM/DDR_SDRAM/mpmc_core_0/gen_s3_ddr_phy.mpmc_phy_if_0/data_path/
data_read/fifo_0_data_out<3>"         MAXDELAY = 2 ns;

 1 net analyzed, 0 failing nets detected.
 0 timing errors detected.
 Maximum net delay is   0.742ns.
--------------------------------------------------------------------------------

================================================================================
Timing constraint: NET 
"DDR_SDRAM/DDR_SDRAM/mpmc_core_0/gen_s3_ddr_phy.mpmc_phy_if_0/dq<4>"         
MAXDELAY = 0.48 ns;

 1 net analyzed, 0 failing nets detected.
 0 timing errors detected.
 Maximum net delay is   0.469ns.
--------------------------------------------------------------------------------

================================================================================
Timing constraint: NET         
"DDR_SDRAM/DDR_SDRAM/mpmc_core_0/gen_s3_ddr_phy.mpmc_phy_if_0/data_path/
data_read/fifo_0_data_out<4>"         MAXDELAY = 2 ns;

 1 net analyzed, 0 failing nets detected.
 0 timing errors detected.
 Maximum net delay is   0.441ns.
--------------------------------------------------------------------------------

================================================================================
Timing constraint: NET 
"DDR_SDRAM/DDR_SDRAM/mpmc_core_0/gen_s3_ddr_phy.mpmc_phy_if_0/dq<5>"         
MAXDELAY = 0.48 ns;

 1 net analyzed, 0 failing nets detected.
 0 timing errors detected.
 Maximum net delay is   0.418ns.
--------------------------------------------------------------------------------

================================================================================
Timing constraint: NET         
"DDR_SDRAM/DDR_SDRAM/mpmc_core_0/gen_s3_ddr_phy.mpmc_phy_if_0/data_path/
data_read/fifo_0_data_out<5>"         MAXDELAY = 2 ns;

 1 net analyzed, 0 failing nets detected.
 0 timing errors detected.
 Maximum net delay is   0.680ns.
--------------------------------------------------------------------------------

================================================================================
Timing constraint: NET 
"DDR_SDRAM/DDR_SDRAM/mpmc_core_0/gen_s3_ddr_phy.mpmc_phy_if_0/dq<6>"         
MAXDELAY = 0.48 ns;

 1 net analyzed, 0 failing nets detected.
 0 timing errors detected.
 Maximum net delay is   0.418ns.
--------------------------------------------------------------------------------

================================================================================
Timing constraint: NET         
"DDR_SDRAM/DDR_SDRAM/mpmc_core_0/gen_s3_ddr_phy.mpmc_phy_if_0/data_path/
data_read/fifo_0_data_out<6>"         MAXDELAY = 2 ns;

 1 net analyzed, 0 failing nets detected.
 0 timing errors detected.
 Maximum net delay is   0.969ns.
--------------------------------------------------------------------------------

================================================================================
Timing constraint: NET 
"DDR_SDRAM/DDR_SDRAM/mpmc_core_0/gen_s3_ddr_phy.mpmc_phy_if_0/dq<7>"         
MAXDELAY = 0.48 ns;

 1 net analyzed, 0 failing nets detected.
 0 timing errors detected.
 Maximum net delay is   0.469ns.
--------------------------------------------------------------------------------

================================================================================
Timing constraint: NET         
"DDR_SDRAM/DDR_SDRAM/mpmc_core_0/gen_s3_ddr_phy.mpmc_phy_if_0/data_path/
data_read/fifo_0_data_out<7>"         MAXDELAY = 2 ns;

 1 net analyzed, 0 failing nets detected.
 0 timing errors detected.
 Maximum net delay is   0.651ns.
--------------------------------------------------------------------------------

================================================================================
Timing constraint: NET         
"DDR_SDRAM/DDR_SDRAM/mpmc_core_0/gen_s3_ddr_phy.mpmc_phy_if_0/data_path/
data_read/fifo_1_data_out<0>"         MAXDELAY = 2 ns;

 1 net analyzed, 0 failing nets detected.
 0 timing errors detected.
 Maximum net delay is   0.971ns.
--------------------------------------------------------------------------------

================================================================================
Timing constraint: NET         
"DDR_SDRAM/DDR_SDRAM/mpmc_core_0/gen_s3_ddr_phy.mpmc_phy_if_0/data_path/
data_read/fifo_1_data_out<1>"         MAXDELAY = 2 ns;

 1 net analyzed, 0 failing nets detected.
 0 timing errors detected.
 Maximum net delay is   0.620ns.
--------------------------------------------------------------------------------

================================================================================
Timing constraint: NET         
"DDR_SDRAM/DDR_SDRAM/mpmc_core_0/gen_s3_ddr_phy.mpmc_phy_if_0/data_path/
data_read/fifo_1_data_out<2>"         MAXDELAY = 2 ns;

 1 net analyzed, 0 failing nets detected.
 0 timing errors detected.
 Maximum net delay is   0.680ns.
--------------------------------------------------------------------------------

================================================================================
Timing constraint: NET         
"DDR_SDRAM/DDR_SDRAM/mpmc_core_0/gen_s3_ddr_phy.mpmc_phy_if_0/data_path/
data_read/fifo_1_data_out<3>"         MAXDELAY = 2 ns;

 1 net analyzed, 0 failing nets detected.
 0 timing errors detected.
 Maximum net delay is   1.001ns.
--------------------------------------------------------------------------------

================================================================================
Timing constraint: NET         
"DDR_SDRAM/DDR_SDRAM/mpmc_core_0/gen_s3_ddr_phy.mpmc_phy_if_0/data_path/
data_read/fifo_1_data_out<4>"         MAXDELAY = 2 ns;

 1 net analyzed, 0 failing nets detected.
 0 timing errors detected.
 Maximum net delay is   0.933ns.
--------------------------------------------------------------------------------

================================================================================
Timing constraint: NET         
"DDR_SDRAM/DDR_SDRAM/mpmc_core_0/gen_s3_ddr_phy.mpmc_phy_if_0/data_path/
data_read/fifo_1_data_out<5>"         MAXDELAY = 2 ns;

 1 net analyzed, 0 failing nets detected.
 0 timing errors detected.
 Maximum net delay is   0.620ns.
--------------------------------------------------------------------------------

================================================================================
Timing constraint: NET         
"DDR_SDRAM/DDR_SDRAM/mpmc_core_0/gen_s3_ddr_phy.mpmc_phy_if_0/data_path/
data_read/fifo_1_data_out<6>"         MAXDELAY = 2 ns;

 1 net analyzed, 0 failing nets detected.
 0 timing errors detected.
 Maximum net delay is   0.440ns.
--------------------------------------------------------------------------------

================================================================================
Timing constraint: NET         
"DDR_SDRAM/DDR_SDRAM/mpmc_core_0/gen_s3_ddr_phy.mpmc_phy_if_0/data_path/
data_read/fifo_1_data_out<7>"         MAXDELAY = 2 ns;

 1 net analyzed, 0 failing nets detected.
 0 timing errors detected.
 Maximum net delay is   0.367ns.
--------------------------------------------------------------------------------

================================================================================
Timing constraint: NET         
"DDR_SDRAM/DDR_SDRAM/mpmc_core_0/gen_s3_ddr_phy.mpmc_phy_if_0/data_path/
data_read_controller/gen_dqs[1]..u_dqs_delay_col0/delay5"         MAXDELAY = 
0.2 ns;

 1 net analyzed, 0 failing nets detected.
 0 timing errors detected.
 Maximum net delay is   0.119ns.
--------------------------------------------------------------------------------

================================================================================
Timing constraint: NET         
"DDR_SDRAM/DDR_SDRAM/mpmc_core_0/gen_s3_ddr_phy.mpmc_phy_if_0/data_path/
data_read_controller/gen_dqs[1]..u_dqs_delay_col0/delay3"         MAXDELAY = 
0.2 ns;

 1 net analyzed, 0 failing nets detected.
 0 timing errors detected.
 Maximum net delay is   0.110ns.
--------------------------------------------------------------------------------

================================================================================
Timing constraint: NET         
"DDR_SDRAM/DDR_SDRAM/mpmc_core_0/gen_s3_ddr_phy.mpmc_phy_if_0/data_path/
data_read_controller/gen_dqs[1]..u_dqs_delay_col0/delay4"         MAXDELAY = 
0.2 ns;

 1 net analyzed, 0 failing nets detected.
 0 timing errors detected.
 Maximum net delay is   0.075ns.
--------------------------------------------------------------------------------

================================================================================
Timing constraint: NET         
"DDR_SDRAM/DDR_SDRAM/mpmc_core_0/gen_s3_ddr_phy.mpmc_phy_if_0/
dqs_int_delay_in<1>"         MAXDELAY = 0.48 ns;

 1 net analyzed, 0 failing nets detected.
 0 timing errors detected.
 Maximum net delay is   0.390ns.
--------------------------------------------------------------------------------

================================================================================
Timing constraint: NET         
"DDR_SDRAM/DDR_SDRAM/mpmc_core_0/gen_s3_ddr_phy.mpmc_phy_if_0/data_path/
data_read_controller/gen_dqs[1]..u_dqs_delay_col0/delay2"         MAXDELAY = 
0.2 ns;

 1 net analyzed, 0 failing nets detected.
 0 timing errors detected.
 Maximum net delay is   0.195ns.
--------------------------------------------------------------------------------

================================================================================
Timing constraint: NET         
"DDR_SDRAM/DDR_SDRAM/mpmc_core_0/gen_s3_ddr_phy.mpmc_phy_if_0/data_path/
data_read_controller/gen_dqs[1]..u_dqs_delay_col1/delay5"         MAXDELAY = 
0.2 ns;

 1 net analyzed, 0 failing nets detected.
 0 timing errors detected.
 Maximum net delay is   0.119ns.
--------------------------------------------------------------------------------

================================================================================
Timing constraint: NET         
"DDR_SDRAM/DDR_SDRAM/mpmc_core_0/gen_s3_ddr_phy.mpmc_phy_if_0/data_path/
data_read_controller/gen_dqs[1]..u_dqs_delay_col1/delay3"         MAXDELAY = 
0.2 ns;

 1 net analyzed, 0 failing nets detected.
 0 timing errors detected.
 Maximum net delay is   0.110ns.
--------------------------------------------------------------------------------

================================================================================
Timing constraint: NET         
"DDR_SDRAM/DDR_SDRAM/mpmc_core_0/gen_s3_ddr_phy.mpmc_phy_if_0/data_path/
data_read_controller/gen_dqs[1]..u_dqs_delay_col1/delay4"         MAXDELAY = 
0.2 ns;

 1 net analyzed, 0 failing nets detected.
 0 timing errors detected.
 Maximum net delay is   0.075ns.
--------------------------------------------------------------------------------

================================================================================
Timing constraint: NET         
"DDR_SDRAM/DDR_SDRAM/mpmc_core_0/gen_s3_ddr_phy.mpmc_phy_if_0/data_path/
data_read_controller/gen_dqs[1]..u_dqs_delay_col1/delay2"         MAXDELAY = 
0.2 ns;

 1 net analyzed, 0 failing nets detected.
 0 timing errors detected.
 Maximum net delay is   0.195ns.
--------------------------------------------------------------------------------

================================================================================
Timing constraint: NET         
"DDR_SDRAM/DDR_SDRAM/mpmc_core_0/gen_s3_ddr_phy.mpmc_phy_if_0/data_path/
data_read_controller/gen_dqs[0]..u_dqs_delay_col0/delay5"         MAXDELAY = 
0.2 ns;

 1 net analyzed, 0 failing nets detected.
 0 timing errors detected.
 Maximum net delay is   0.119ns.
--------------------------------------------------------------------------------

================================================================================
Timing constraint: NET         
"DDR_SDRAM/DDR_SDRAM/mpmc_core_0/gen_s3_ddr_phy.mpmc_phy_if_0/data_path/
data_read_controller/gen_dqs[0]..u_dqs_delay_col0/delay3"         MAXDELAY = 
0.2 ns;

 1 net analyzed, 0 failing nets detected.
 0 timing errors detected.
 Maximum net delay is   0.110ns.
--------------------------------------------------------------------------------

================================================================================
Timing constraint: NET         
"DDR_SDRAM/DDR_SDRAM/mpmc_core_0/gen_s3_ddr_phy.mpmc_phy_if_0/data_path/
data_read_controller/gen_dqs[0]..u_dqs_delay_col0/delay4"         MAXDELAY = 
0.2 ns;

 1 net analyzed, 0 failing nets detected.
 0 timing errors detected.
 Maximum net delay is   0.075ns.
--------------------------------------------------------------------------------

================================================================================
Timing constraint: NET         
"DDR_SDRAM/DDR_SDRAM/mpmc_core_0/gen_s3_ddr_phy.mpmc_phy_if_0/
dqs_int_delay_in<0>"         MAXDELAY = 0.48 ns;

 1 net analyzed, 0 failing nets detected.
 0 timing errors detected.
 Maximum net delay is   0.390ns.
--------------------------------------------------------------------------------

================================================================================
Timing constraint: NET         
"DDR_SDRAM/DDR_SDRAM/mpmc_core_0/gen_s3_ddr_phy.mpmc_phy_if_0/data_path/
data_read_controller/gen_dqs[0]..u_dqs_delay_col0/delay2"         MAXDELAY = 
0.2 ns;

 1 net analyzed, 0 failing nets detected.
 0 timing errors detected.
 Maximum net delay is   0.195ns.
--------------------------------------------------------------------------------

================================================================================
Timing constraint: NET         
"DDR_SDRAM/DDR_SDRAM/mpmc_core_0/gen_s3_ddr_phy.mpmc_phy_if_0/data_path/
data_read_controller/gen_dqs[0]..u_dqs_delay_col1/delay5"         MAXDELAY = 
0.2 ns;

 1 net analyzed, 0 failing nets detected.
 0 timing errors detected.
 Maximum net delay is   0.119ns.
--------------------------------------------------------------------------------

================================================================================
Timing constraint: NET         
"DDR_SDRAM/DDR_SDRAM/mpmc_core_0/gen_s3_ddr_phy.mpmc_phy_if_0/data_path/
data_read_controller/gen_dqs[0]..u_dqs_delay_col1/delay3"         MAXDELAY = 
0.2 ns;

 1 net analyzed, 0 failing nets detected.
 0 timing errors detected.
 Maximum net delay is   0.110ns.
--------------------------------------------------------------------------------

================================================================================
Timing constraint: NET         
"DDR_SDRAM/DDR_SDRAM/mpmc_core_0/gen_s3_ddr_phy.mpmc_phy_if_0/data_path/
data_read_controller/gen_dqs[0]..u_dqs_delay_col1/delay4"         MAXDELAY = 
0.2 ns;

 1 net analyzed, 0 failing nets detected.
 0 timing errors detected.
 Maximum net delay is   0.075ns.
--------------------------------------------------------------------------------

================================================================================
Timing constraint: NET         
"DDR_SDRAM/DDR_SDRAM/mpmc_core_0/gen_s3_ddr_phy.mpmc_phy_if_0/data_path/
data_read_controller/gen_dqs[0]..u_dqs_delay_col1/delay2"         MAXDELAY = 
0.2 ns;

 1 net analyzed, 0 failing nets detected.
 0 timing errors detected.
 Maximum net delay is   0.195ns.
--------------------------------------------------------------------------------

================================================================================
Timing constraint: NET         
"DDR_SDRAM/DDR_SDRAM/mpmc_core_0/gen_s3_ddr_phy.mpmc_phy_if_0/data_path/
data_read_controller/.rst_dqs_div_delayed/delay5"         MAXDELAY = 2 ns;

 1 net analyzed, 0 failing nets detected.
 0 timing errors detected.
 Maximum net delay is   0.072ns.
--------------------------------------------------------------------------------

================================================================================
Timing constraint: TS_sys_clk_pin = PERIOD TIMEGRP "sys_clk_pin" 50 MHz HIGH 
50%;
For more information, see Period Analysis in the Timing Closure User Guide (UG612).

 3 paths analyzed, 3 endpoints analyzed, 0 failing endpoints
 0 timing errors detected. (0 setup errors, 0 hold errors, 0 component switching limit errors)
 Minimum period is   6.000ns.
--------------------------------------------------------------------------------

================================================================================
Timing constraint: TS_clock_generator_0_clock_generator_0_SIG_DCM1_CLK0 = 
PERIOD TIMEGRP         "clock_generator_0_clock_generator_0_SIG_DCM1_CLK0" 
TS_sys_clk_pin         HIGH 50%;
For more information, see Period Analysis in the Timing Closure User Guide (UG612).

 180319 paths analyzed, 9091 endpoints analyzed, 0 failing endpoints
 0 timing errors detected. (0 setup errors, 0 hold errors, 0 component switching limit errors)
 Minimum period is  17.167ns.
--------------------------------------------------------------------------------

================================================================================
Timing constraint: TS_clock_generator_0_clock_generator_0_SIG_DCM1_CLK2X = 
PERIOD TIMEGRP         "clock_generator_0_clock_generator_0_SIG_DCM1_CLK2X" 
TS_sys_clk_pin *         2 HIGH 50%;
For more information, see Period Analysis in the Timing Closure User Guide (UG612).

 3 paths analyzed, 3 endpoints analyzed, 0 failing endpoints
 0 timing errors detected. (0 setup errors, 0 hold errors, 0 component switching limit errors)
 Minimum period is   4.800ns.
--------------------------------------------------------------------------------

================================================================================
Timing constraint: TS_clock_generator_0_clock_generator_0_SIG_DCM0_CLK0 = 
PERIOD TIMEGRP         "clock_generator_0_clock_generator_0_SIG_DCM0_CLK0"      
   TS_clock_generator_0_clock_generator_0_SIG_DCM1_CLK2X HIGH 50%;
For more information, see Period Analysis in the Timing Closure User Guide (UG612).

 5435 paths analyzed, 2097 endpoints analyzed, 0 failing endpoints
 0 timing errors detected. (0 setup errors, 0 hold errors, 0 component switching limit errors)
 Minimum period is   9.304ns.
--------------------------------------------------------------------------------

================================================================================
Timing constraint: TS_clock_generator_0_clock_generator_0_SIG_DCM0_CLK90 = 
PERIOD TIMEGRP         "clock_generator_0_clock_generator_0_SIG_DCM0_CLK90"     
    TS_clock_generator_0_clock_generator_0_SIG_DCM1_CLK2X PHASE 2.5 ns         
HIGH 50%;
For more information, see Period Analysis in the Timing Closure User Guide (UG612).

 533 paths analyzed, 437 endpoints analyzed, 0 failing endpoints
 0 timing errors detected. (0 setup errors, 0 hold errors, 0 component switching limit errors)
 Minimum period is   7.112ns.
--------------------------------------------------------------------------------


Derived Constraint Report
Derived Constraints for TS_sys_clk_pin
+-------------------------------+-------------+-------------+-------------+-------------+-------------+-------------+-------------+
|                               |   Period    |       Actual Period       |      Timing Errors        |      Paths Analyzed       |
|           Constraint          | Requirement |-------------+-------------|-------------+-------------|-------------+-------------|
|                               |             |   Direct    | Derivative  |   Direct    | Derivative  |   Direct    | Derivative  |
+-------------------------------+-------------+-------------+-------------+-------------+-------------+-------------+-------------+
|TS_sys_clk_pin                 |     20.000ns|      6.000ns|     18.608ns|            0|            0|            3|       186290|
| TS_clock_generator_0_clock_gen|     20.000ns|     17.167ns|          N/A|            0|            0|       180319|            0|
| erator_0_SIG_DCM1_CLK0        |             |             |             |             |             |             |             |
| TS_clock_generator_0_clock_gen|     10.000ns|      4.800ns|      9.304ns|            0|            0|            3|         5968|
| erator_0_SIG_DCM1_CLK2X       |             |             |             |             |             |             |             |
|  TS_clock_generator_0_clock_ge|     10.000ns|      9.304ns|          N/A|            0|            0|         5435|            0|
|  nerator_0_SIG_DCM0_CLK0      |             |             |             |             |             |             |             |
|  TS_clock_generator_0_clock_ge|     10.000ns|      7.112ns|          N/A|            0|            0|          533|            0|
|  nerator_0_SIG_DCM0_CLK90     |             |             |             |             |             |             |             |
+-------------------------------+-------------+-------------+-------------+-------------+-------------+-------------+-------------+

All constraints were met.


Data Sheet report:
-----------------
All values displayed in nanoseconds (ns)

Clock to Setup on destination clock fpga_0_clk_1_sys_clk_pin
------------------------+---------+---------+---------+---------+
                        | Src:Rise| Src:Fall| Src:Rise| Src:Fall|
Source Clock            |Dest:Rise|Dest:Rise|Dest:Fall|Dest:Fall|
------------------------+---------+---------+---------+---------+
fpga_0_clk_1_sys_clk_pin|   17.167|    2.511|    4.863|    6.978|
------------------------+---------+---------+---------+---------+


Timing summary:
---------------

Timing errors: 0  Score: 0  (Setup/Max: 0, Hold: 0)

Constraints cover 186293 paths, 92 nets, and 18848 connections

Design statistics:
   Minimum period:  17.167ns   (Maximum frequency:  58.251MHz)
   Maximum net delay:   2.090ns


Analysis completed Tue Feb 18 14:00:51 2014 
--------------------------------------------------------------------------------

Trace Settings:
-------------------------
Trace Settings 

Peak Memory Usage: 421 MB



